<?xml version="1.0" encoding="UTF-8"?>
<testsuite name="com.server.server.ServerApplicationTests" tests="1" skipped="0" failures="0" errors="0" timestamp="2023-07-03T15:02:48" hostname="DESKTOP-V2V8TBE" time="0.265">
  <properties/>
  <testcase name="contextLoads()" classname="com.server.server.ServerApplicationTests" time="0.265"/>
  <system-out><![CDATA[00:02:43.623 [Test worker] DEBUG org.springframework.test.context.BootstrapUtils - Instantiating CacheAwareContextLoaderDelegate from class [org.springframework.test.context.cache.DefaultCacheAwareContextLoaderDelegate]
00:02:43.637 [Test worker] DEBUG org.springframework.test.context.BootstrapUtils - Instantiating BootstrapContext using constructor [public org.springframework.test.context.support.DefaultBootstrapContext(java.lang.Class,org.springframework.test.context.CacheAwareContextLoaderDelegate)]
00:02:43.673 [Test worker] DEBUG org.springframework.test.context.BootstrapUtils - Instantiating TestContextBootstrapper for test class [com.server.server.ServerApplicationTests] from class [org.springframework.boot.test.context.SpringBootTestContextBootstrapper]
00:02:43.687 [Test worker] INFO org.springframework.boot.test.context.SpringBootTestContextBootstrapper - Neither @ContextConfiguration nor @ContextHierarchy found for test class [com.server.server.ServerApplicationTests], using SpringBootContextLoader
00:02:43.692 [Test worker] DEBUG org.springframework.test.context.support.AbstractContextLoader - Did not detect default resource location for test class [com.server.server.ServerApplicationTests]: class path resource [com/server/server/ServerApplicationTests-context.xml] does not exist
00:02:43.693 [Test worker] DEBUG org.springframework.test.context.support.AbstractContextLoader - Did not detect default resource location for test class [com.server.server.ServerApplicationTests]: class path resource [com/server/server/ServerApplicationTestsContext.groovy] does not exist
00:02:43.693 [Test worker] INFO org.springframework.test.context.support.AbstractContextLoader - Could not detect default resource locations for test class [com.server.server.ServerApplicationTests]: no resource found for suffixes {-context.xml, Context.groovy}.
00:02:43.694 [Test worker] INFO org.springframework.test.context.support.AnnotationConfigContextLoaderUtils - Could not detect default configuration classes for test class [com.server.server.ServerApplicationTests]: ServerApplicationTests does not declare any static, non-private, non-final, nested classes annotated with @Configuration.
00:02:43.743 [Test worker] DEBUG org.springframework.test.context.support.ActiveProfilesUtils - Could not find an 'annotation declaring class' for annotation type [org.springframework.test.context.ActiveProfiles] and class [com.server.server.ServerApplicationTests]
00:02:43.814 [Test worker] DEBUG org.springframework.context.annotation.ClassPathScanningCandidateComponentProvider - Identified candidate component class: file [C:\Users\user\Desktop\spring\seb44_main_035\server\build\classes\java\main\com\server\server\ServerApplication.class]
00:02:43.816 [Test worker] INFO org.springframework.boot.test.context.SpringBootTestContextBootstrapper - Found @SpringBootConfiguration com.server.server.ServerApplication for test class com.server.server.ServerApplicationTests
00:02:43.945 [Test worker] DEBUG org.springframework.boot.test.context.SpringBootTestContextBootstrapper - @TestExecutionListeners is not present for class [com.server.server.ServerApplicationTests]: using defaults.
00:02:43.945 [Test worker] INFO org.springframework.boot.test.context.SpringBootTestContextBootstrapper - Loaded default TestExecutionListener class names from location [META-INF/spring.factories]: [org.springframework.security.test.context.support.WithSecurityContextTestExecutionListener, org.springframework.security.test.context.support.ReactorContextTestExecutionListener, org.springframework.boot.test.autoconfigure.restdocs.RestDocsTestExecutionListener, org.springframework.boot.test.autoconfigure.web.client.MockRestServiceServerResetTestExecutionListener, org.springframework.boot.test.autoconfigure.web.servlet.MockMvcPrintOnlyOnFailureTestExecutionListener, org.springframework.boot.test.autoconfigure.web.servlet.WebDriverTestExecutionListener, org.springframework.boot.test.autoconfigure.webservices.client.MockWebServiceServerTestExecutionListener, org.springframework.boot.test.mock.mockito.MockitoTestExecutionListener, org.springframework.boot.test.mock.mockito.ResetMocksTestExecutionListener, org.springframework.test.context.web.ServletTestExecutionListener, org.springframework.test.context.support.DirtiesContextBeforeModesTestExecutionListener, org.springframework.test.context.event.ApplicationEventsTestExecutionListener, org.springframework.test.context.support.DependencyInjectionTestExecutionListener, org.springframework.test.context.support.DirtiesContextTestExecutionListener, org.springframework.test.context.transaction.TransactionalTestExecutionListener, org.springframework.test.context.jdbc.SqlScriptsTestExecutionListener, org.springframework.test.context.event.EventPublishingTestExecutionListener]
00:02:43.968 [Test worker] INFO org.springframework.boot.test.context.SpringBootTestContextBootstrapper - Using TestExecutionListeners: [org.springframework.test.context.web.ServletTestExecutionListener@29d2d081, org.springframework.test.context.support.DirtiesContextBeforeModesTestExecutionListener@40e4ea87, org.springframework.test.context.event.ApplicationEventsTestExecutionListener@58783f6c, org.springframework.boot.test.mock.mockito.MockitoTestExecutionListener@3a7b503d, org.springframework.boot.test.autoconfigure.SpringBootDependencyInjectionTestExecutionListener@512d92b, org.springframework.test.context.support.DirtiesContextTestExecutionListener@62c5bbdc, org.springframework.test.context.transaction.TransactionalTestExecutionListener@7bdf6bb7, org.springframework.test.context.jdbc.SqlScriptsTestExecutionListener@1bc53649, org.springframework.security.test.context.support.WithSecurityContextTestExecutionListener@88d6f9b, org.springframework.test.context.event.EventPublishingTestExecutionListener@47d93e0d, org.springframework.security.test.context.support.ReactorContextTestExecutionListener@475b7792, org.springframework.boot.test.autoconfigure.restdocs.RestDocsTestExecutionListener@751e664e, org.springframework.boot.test.autoconfigure.web.client.MockRestServiceServerResetTestExecutionListener@160c3ec1, org.springframework.boot.test.autoconfigure.web.servlet.MockMvcPrintOnlyOnFailureTestExecutionListener@182b435b, org.springframework.boot.test.autoconfigure.web.servlet.WebDriverTestExecutionListener@4d0402b, org.springframework.boot.test.autoconfigure.webservices.client.MockWebServiceServerTestExecutionListener@2fa7ae9, org.springframework.boot.test.mock.mockito.ResetMocksTestExecutionListener@7577b641]
00:02:43.972 [Test worker] DEBUG org.springframework.test.context.support.AbstractDirtiesContextTestExecutionListener - Before test class: context [DefaultTestContext@6831d8fd testClass = ServerApplicationTests, testInstance = [null], testMethod = [null], testException = [null], mergedContextConfiguration = [WebMergedContextConfiguration@27dc79f7 testClass = ServerApplicationTests, locations = '{}', classes = '{class com.server.server.ServerApplication}', contextInitializerClasses = '[]', activeProfiles = '{}', propertySourceLocations = '{}', propertySourceProperties = '{org.springframework.boot.test.context.SpringBootTestContextBootstrapper=true}', contextCustomizers = set[org.springframework.boot.test.autoconfigure.actuate.metrics.MetricsExportContextCustomizerFactory$DisableMetricExportContextCustomizer@58c34bb3, org.springframework.boot.test.autoconfigure.properties.PropertyMappingContextCustomizer@0, org.springframework.boot.test.autoconfigure.web.servlet.WebDriverContextCustomizerFactory$Customizer@15cafec7, org.springframework.boot.test.context.filter.ExcludeFilterContextCustomizer@792bbc74, org.springframework.boot.test.json.DuplicateJsonObjectContextCustomizerFactory$DuplicateJsonObjectContextCustomizer@338494fa, org.springframework.boot.test.mock.mockito.MockitoContextCustomizer@0, org.springframework.boot.test.web.client.TestRestTemplateContextCustomizer@4b672daa, org.springframework.boot.test.context.SpringBootTestArgs@1, org.springframework.boot.test.context.SpringBootTestWebEnvironment@19976a65], resourceBasePath = 'src/main/webapp', contextLoader = 'org.springframework.boot.test.context.SpringBootContextLoader', parent = [null]], attributes = map['org.springframework.test.context.web.ServletTestExecutionListener.activateListener' -> true]], class annotated with @DirtiesContext [false] with mode [null].

  .   ____          _            __ _ _
 /\\ / ___'_ __ _ _(_)_ __  __ _ \ \ \ \
( ( )\___ | '_ | '_| | '_ \/ _` | \ \ \ \
 \\/  ___)| |_)| | | | | || (_| |  ) ) ) )
  '  |____| .__|_| |_|_| |_\__, | / / / /
 =========|_|==============|___/=/_/_/_/
 :: Spring Boot ::               (v2.7.13)

2023-07-04 00:02:44.441  INFO 32724 --- [    Test worker] c.server.server.ServerApplicationTests   : Starting ServerApplicationTests using Java 11.0.18 on DESKTOP-V2V8TBE with PID 32724 (started by user in C:\Users\user\Desktop\spring\seb44_main_035\server)
2023-07-04 00:02:44.442  INFO 32724 --- [    Test worker] c.server.server.ServerApplicationTests   : No active profile set, falling back to 1 default profile: "default"
2023-07-04 00:02:45.192  INFO 32724 --- [    Test worker] .s.d.r.c.RepositoryConfigurationDelegate : Bootstrapping Spring Data JPA repositories in DEFAULT mode.
2023-07-04 00:02:45.215  INFO 32724 --- [    Test worker] .s.d.r.c.RepositoryConfigurationDelegate : Finished Spring Data repository scanning in 11 ms. Found 0 JPA repository interfaces.
2023-07-04 00:02:45.831 DEBUG 32724 --- [    Test worker] j.LocalContainerEntityManagerFactoryBean : Building JPA container EntityManagerFactory for persistence unit 'default'
2023-07-04 00:02:45.857  INFO 32724 --- [    Test worker] o.hibernate.jpa.internal.util.LogHelper  : HHH000204: Processing PersistenceUnitInfo [name: default]
2023-07-04 00:02:45.938  INFO 32724 --- [    Test worker] org.hibernate.Version                    : HHH000412: Hibernate ORM core version 5.6.15.Final
2023-07-04 00:02:46.194  INFO 32724 --- [    Test worker] o.hibernate.annotations.common.Version   : HCANN000001: Hibernate Commons Annotations {5.1.2.Final}
2023-07-04 00:02:46.359  INFO 32724 --- [    Test worker] com.zaxxer.hikari.HikariDataSource       : HikariPool-1 - Starting...
2023-07-04 00:02:46.629  INFO 32724 --- [    Test worker] com.zaxxer.hikari.HikariDataSource       : HikariPool-1 - Start completed.
2023-07-04 00:02:46.680  INFO 32724 --- [    Test worker] org.hibernate.dialect.Dialect            : HHH000400: Using dialect: org.hibernate.dialect.H2Dialect
2023-07-04 00:02:46.986  INFO 32724 --- [    Test worker] o.h.e.t.j.p.i.JtaPlatformInitiator       : HHH000490: Using JtaPlatform implementation: [org.hibernate.engine.transaction.jta.platform.internal.NoJtaPlatform]
2023-07-04 00:02:47.001  INFO 32724 --- [    Test worker] j.LocalContainerEntityManagerFactoryBean : Initialized JPA EntityManagerFactory for persistence unit 'default'
2023-07-04 00:02:47.306  WARN 32724 --- [    Test worker] JpaBaseConfiguration$JpaWebConfiguration : spring.jpa.open-in-view is enabled by default. Therefore, database queries may be performed during view rendering. Explicitly configure spring.jpa.open-in-view to disable this warning
2023-07-04 00:02:47.678  INFO 32724 --- [    Test worker] o.s.b.a.h2.H2ConsoleAutoConfiguration    : H2 console available at '/h2'. Database available at 'jdbc:h2:mem:test'
2023-07-04 00:02:48.110  WARN 32724 --- [    Test worker] .s.s.UserDetailsServiceAutoConfiguration : 

Using generated security password: ffa558e4-b673-4440-90d6-0eb48bb3ae0e

This generated password is for development use only. Your security configuration must be updated before running your application in production.

2023-07-04 00:02:48.412  INFO 32724 --- [    Test worker] o.s.s.web.DefaultSecurityFilterChain     : Will secure any request with [org.springframework.security.web.session.DisableEncodeUrlFilter@12a9e864, org.springframework.security.web.context.request.async.WebAsyncManagerIntegrationFilter@462f8fe9, org.springframework.security.web.context.SecurityContextPersistenceFilter@6c2f8ecb, org.springframework.security.web.header.HeaderWriterFilter@301770d9, org.springframework.security.web.csrf.CsrfFilter@eddc9bb, org.springframework.security.web.authentication.logout.LogoutFilter@7852ab30, org.springframework.security.web.authentication.UsernamePasswordAuthenticationFilter@760c777d, org.springframework.security.web.authentication.ui.DefaultLoginPageGeneratingFilter@4a14f7d7, org.springframework.security.web.authentication.ui.DefaultLogoutPageGeneratingFilter@3c6fc4cd, org.springframework.security.web.authentication.www.BasicAuthenticationFilter@1e295f7f, org.springframework.security.web.savedrequest.RequestCacheAwareFilter@5ca8c904, org.springframework.security.web.servletapi.SecurityContextHolderAwareRequestFilter@4c614d8c, org.springframework.security.web.authentication.AnonymousAuthenticationFilter@b2e1df3, org.springframework.security.web.session.SessionManagementFilter@372f7bc, org.springframework.security.web.access.ExceptionTranslationFilter@1ca0aa40, org.springframework.security.web.access.intercept.FilterSecurityInterceptor@3186f8f5]
2023-07-04 00:02:48.518  INFO 32724 --- [    Test worker] c.server.server.ServerApplicationTests   : Started ServerApplicationTests in 4.502 seconds (JVM running for 6.625)
]]></system-out>
  <system-err><![CDATA[]]></system-err>
</testsuite>
